<?xml version="1.0" encoding="UTF-8"?>
<!-- Generated by org.testng.reporters.JUnitXMLReporter -->
<testsuite ignored="0" hostname="LAPTOP-669LVGAV" failures="0" tests="4" name="Default test" time="78.935" errors="0" timestamp="2023-08-11T12:56:03 IST">
  <testcase classname="p2.Logintest" name="test" time="12.692"/>
  <testcase classname="p2.Selecttest" name="test1" time="36.761"/>
  <testcase classname="p2.Select1test" name="test2" time="16.472"/>
  <testcase classname="p2.Logouttest" name="test3" time="7.465"/>
</testsuite> <!-- Default test -->
