<?xml version="1.0" encoding="UTF-8"?>
<testng-results ignored="0" total="4" passed="4" failed="0" skipped="0">
  <reporter-output>
  </reporter-output>
  <suite started-at="2023-08-11T12:54:44 IST" name="Default suite" finished-at="2023-08-11T12:56:03 IST" duration-ms="78935">
    <groups>
    </groups>
    <test started-at="2023-08-11T12:54:44 IST" name="Default test" finished-at="2023-08-11T12:56:03 IST" duration-ms="78935">
      <class name="p2.Logouttest">
        <test-method is-config="true" signature="setup()[pri:0, instance:p2.Logouttest@d5b810e]" started-at="2023-08-11T12:54:44 IST" name="setup" finished-at="2023-08-11T12:54:50 IST" duration-ms="5491" status="PASS">
          <reporter-output>
          </reporter-output>
        </test-method> <!-- setup -->
        <test-method signature="test()[pri:1, instance:p2.Logouttest@d5b810e]" started-at="2023-08-11T12:54:50 IST" name="test" finished-at="2023-08-11T12:55:03 IST" duration-ms="12692" status="PASS">
          <reporter-output>
          </reporter-output>
        </test-method> <!-- test -->
        <test-method signature="test1()[pri:2, instance:p2.Logouttest@d5b810e]" started-at="2023-08-11T12:55:03 IST" name="test1" finished-at="2023-08-11T12:55:39 IST" duration-ms="36761" status="PASS">
          <reporter-output>
          </reporter-output>
        </test-method> <!-- test1 -->
        <test-method signature="test2()[pri:3, instance:p2.Logouttest@d5b810e]" started-at="2023-08-11T12:55:39 IST" name="test2" finished-at="2023-08-11T12:55:56 IST" duration-ms="16472" status="PASS">
          <reporter-output>
          </reporter-output>
        </test-method> <!-- test2 -->
        <test-method signature="test3()[pri:4, instance:p2.Logouttest@d5b810e]" started-at="2023-08-11T12:55:56 IST" name="test3" finished-at="2023-08-11T12:56:03 IST" duration-ms="7465" status="PASS">
          <reporter-output>
          </reporter-output>
        </test-method> <!-- test3 -->
      </class> <!-- p2.Logouttest -->
    </test> <!-- Default test -->
  </suite> <!-- Default suite -->
</testng-results>
